<?xml version="1.0" encoding="UTF-8"?>
<testng-results skipped="0" failed="3" total="5" passed="2">
  <reporter-output>
  </reporter-output>
  <suite name="appium实战-Android篇" duration-ms="222016" started-at="2017-05-04T10:16:48Z" finished-at="2017-05-04T10:20:30Z">
    <groups>
    </groups>
    <test name="搜索" duration-ms="89509" started-at="2017-05-04T10:16:48Z" finished-at="2017-05-04T10:18:18Z">
      <class name="com.young.appiumcombat.testcases.android.search.SearchPage_001_SearchDemo_Test">
        <test-method status="PASS" signature="initTest(org.testng.ITestContext)[pri:0, instance:com.young.appiumcombat.testcases.android.search.SearchPage_001_SearchDemo_Test@2d928643]" name="initTest" is-config="true" duration-ms="6624" started-at="2017-05-04T18:16:48Z" finished-at="2017-05-04T18:16:55Z">
          <params>
            <param index="0">
              <value>
                <![CDATA[org.testng.TestRunner@2a17b7b6]]>
              </value>
            </param>
          </params>
          <reporter-output>
          </reporter-output>
        </test-method> <!-- initTest -->
        <test-method status="PASS" signature="searchDemo(java.util.Map)[pri:0, instance:com.young.appiumcombat.testcases.android.search.SearchPage_001_SearchDemo_Test@2d928643]" name="searchDemo" duration-ms="20556" started-at="2017-05-04T18:16:55Z" data-provider="testData" finished-at="2017-05-04T18:17:16Z">
          <params>
            <param index="0">
              <value>
                <![CDATA[{KEYWORD=Java}]]>
              </value>
            </param>
          </params>
          <reporter-output>
          </reporter-output>
        </test-method> <!-- searchDemo -->
        <test-method status="FAIL" signature="searchDemo(java.util.Map)[pri:0, instance:com.young.appiumcombat.testcases.android.search.SearchPage_001_SearchDemo_Test@2d928643]" name="searchDemo" duration-ms="82" started-at="2017-05-04T18:17:16Z" data-provider="testData" finished-at="2017-05-04T18:17:16Z">
          <params>
            <param index="0">
              <value>
                <![CDATA[{KEYWORD=c}]]>
              </value>
            </param>
          </params>
          <exception class="org.openqa.selenium.NoSuchElementException">
            <message>
              <![CDATA[no such element: Unable to locate element: {"method":"id","selector":"com.microsoft.bing:id/search"}
  (Session info: webview=30.0.0.0)
  (Driver info: chromedriver=2.21.371459 (36d3d07f660ff2bc1bf28a75d1cdabed0983e7c4),platform=Mac OS X 10.12.4 x86_64) (WARNING: The server did not provide any stacktrace information)
Command duration or timeout: 23 milliseconds
For documentation on this error, please visit: http://seleniumhq.org/exceptions/no_such_element.html
Build info: version: '2.53.0', revision: '35ae25b1534ae328c771e0856c93e187490ca824', time: '2016-03-15 10:43:46'
System info: host: 'liangdeMacBook-Pro.local', ip: '192.168.1.99', os.name: 'Mac OS X', os.arch: 'x86_64', os.version: '10.12.4', java.version: '1.8.0_101'
Driver info: io.appium.java_client.android.AndroidDriver
Capabilities [{app=/Users/a/Documents/study/14/appiumcombat/res/app/android/bing.apk, appPackage=com.microsoft.bing, networkConnectionEnabled=true, warnings={}, databaseEnabled=false, deviceName=emulator-5554, avd=Android-001, platform=LINUX, appActivity=com.microsoft.clients.bing.app.MainActivity, desired={app=/Users/a/Documents/study/14/appiumcombat/res/app/android/bing.apk, appPackage=com.microsoft.bing, appActivity=com.microsoft.clients.bing.app.MainActivity, platformVersion=4.4.2, automationName=Appium, sessionOverride=true, unicodeKeyboard=true, platformName=Android, deviceName=appium-test-avd, resetKeyboard=true, avd=Android-001}, platformVersion=4.4.2, webStorageEnabled=false, locationContextEnabled=false, automationName=Appium, takesScreenshot=true, javascriptEnabled=true, sessionOverride=true, unicodeKeyboard=true, platformName=Android, resetKeyboard=true}]
Session ID: 66b0225e-6d8c-4766-9b71-36119d2cd508
*** Element info: {Using=id, value=com.microsoft.bing:id/search}]]>
            </message>
            <full-stacktrace>
              <![CDATA[org.openqa.selenium.NoSuchElementException: no such element: Unable to locate element: {"method":"id","selector":"com.microsoft.bing:id/search"}
  (Session info: webview=30.0.0.0)
  (Driver info: chromedriver=2.21.371459 (36d3d07f660ff2bc1bf28a75d1cdabed0983e7c4),platform=Mac OS X 10.12.4 x86_64) (WARNING: The server did not provide any stacktrace information)
Command duration or timeout: 23 milliseconds
For documentation on this error, please visit: http://seleniumhq.org/exceptions/no_such_element.html
Build info: version: '2.53.0', revision: '35ae25b1534ae328c771e0856c93e187490ca824', time: '2016-03-15 10:43:46'
System info: host: 'liangdeMacBook-Pro.local', ip: '192.168.1.99', os.name: 'Mac OS X', os.arch: 'x86_64', os.version: '10.12.4', java.version: '1.8.0_101'
Driver info: io.appium.java_client.android.AndroidDriver
Capabilities [{app=/Users/a/Documents/study/14/appiumcombat/res/app/android/bing.apk, appPackage=com.microsoft.bing, networkConnectionEnabled=true, warnings={}, databaseEnabled=false, deviceName=emulator-5554, avd=Android-001, platform=LINUX, appActivity=com.microsoft.clients.bing.app.MainActivity, desired={app=/Users/a/Documents/study/14/appiumcombat/res/app/android/bing.apk, appPackage=com.microsoft.bing, appActivity=com.microsoft.clients.bing.app.MainActivity, platformVersion=4.4.2, automationName=Appium, sessionOverride=true, unicodeKeyboard=true, platformName=Android, deviceName=appium-test-avd, resetKeyboard=true, avd=Android-001}, platformVersion=4.4.2, webStorageEnabled=false, locationContextEnabled=false, automationName=Appium, takesScreenshot=true, javascriptEnabled=true, sessionOverride=true, unicodeKeyboard=true, platformName=Android, resetKeyboard=true}]
Session ID: 66b0225e-6d8c-4766-9b71-36119d2cd508
*** Element info: {Using=id, value=com.microsoft.bing:id/search}
	at sun.reflect.NativeConstructorAccessorImpl.newInstance0(Native Method)
	at sun.reflect.NativeConstructorAccessorImpl.newInstance(NativeConstructorAccessorImpl.java:62)
	at sun.reflect.DelegatingConstructorAccessorImpl.newInstance(DelegatingConstructorAccessorImpl.java:45)
	at java.lang.reflect.Constructor.newInstance(Constructor.java:423)
	at org.openqa.selenium.remote.ErrorHandler.createThrowable(ErrorHandler.java:206)
	at org.openqa.selenium.remote.ErrorHandler.throwIfResponseFailed(ErrorHandler.java:158)
	at org.openqa.selenium.remote.RemoteWebDriver.execute(RemoteWebDriver.java:678)
	at io.appium.java_client.DefaultGenericMobileDriver.execute(DefaultGenericMobileDriver.java:43)
	at io.appium.java_client.AppiumDriver.execute(AppiumDriver.java:1)
	at io.appium.java_client.android.AndroidDriver.execute(AndroidDriver.java:1)
	at org.openqa.selenium.remote.RemoteWebDriver.findElement(RemoteWebDriver.java:363)
	at org.openqa.selenium.remote.RemoteWebDriver.findElementById(RemoteWebDriver.java:413)
	at io.appium.java_client.DefaultGenericMobileDriver.findElementById(DefaultGenericMobileDriver.java:59)
	at io.appium.java_client.AppiumDriver.findElementById(AppiumDriver.java:1)
	at io.appium.java_client.android.AndroidDriver.findElementById(AndroidDriver.java:1)
	at org.openqa.selenium.By$ById.findElement(By.java:218)
	at org.openqa.selenium.remote.RemoteWebDriver.findElement(RemoteWebDriver.java:355)
	at io.appium.java_client.DefaultGenericMobileDriver.findElement(DefaultGenericMobileDriver.java:51)
	at io.appium.java_client.AppiumDriver.findElement(AppiumDriver.java:1)
	at io.appium.java_client.android.AndroidDriver.findElement(AndroidDriver.java:1)
	at com.young.appiumcombat.utils.AppiumUtil.findElement(AppiumUtil.java:78)
	at com.young.appiumcombat.utils.AppiumUtil.click(AppiumUtil.java:120)
	at com.young.appiumcombat.pageshelper.android.HomePageHelper.clickOnHomePage(HomePageHelper.java:24)
	at com.young.appiumcombat.testcases.android.search.SearchPage_001_SearchDemo_Test.searchDemo(SearchPage_001_SearchDemo_Test.java:24)
	at sun.reflect.NativeMethodAccessorImpl.invoke0(Native Method)
	at sun.reflect.NativeMethodAccessorImpl.invoke(NativeMethodAccessorImpl.java:62)
	at sun.reflect.DelegatingMethodAccessorImpl.invoke(DelegatingMethodAccessorImpl.java:43)
	at java.lang.reflect.Method.invoke(Method.java:498)
	at org.testng.internal.MethodInvocationHelper.invokeMethod(MethodInvocationHelper.java:86)
	at org.testng.internal.Invoker.invokeMethod(Invoker.java:643)
	at org.testng.internal.Invoker.invokeTestMethod(Invoker.java:820)
	at org.testng.internal.Invoker.invokeTestMethods(Invoker.java:1128)
	at org.testng.internal.TestMethodWorker.invokeTestMethods(TestMethodWorker.java:129)
	at org.testng.internal.TestMethodWorker.run(TestMethodWorker.java:112)
	at org.testng.TestRunner.privateRun(TestRunner.java:782)
	at org.testng.TestRunner.run(TestRunner.java:632)
	at org.testng.SuiteRunner.runTest(SuiteRunner.java:366)
	at org.testng.SuiteRunner.access$000(SuiteRunner.java:39)
	at org.testng.SuiteRunner$SuiteWorker.run(SuiteRunner.java:400)
	at org.testng.internal.thread.ThreadUtil$2.call(ThreadUtil.java:64)
	at java.util.concurrent.FutureTask.run(FutureTask.java:266)
	at java.util.concurrent.ThreadPoolExecutor.runWorker(ThreadPoolExecutor.java:1142)
	at java.util.concurrent.ThreadPoolExecutor$Worker.run(ThreadPoolExecutor.java:617)
	at java.lang.Thread.run(Thread.java:745)
]]>
            </full-stacktrace>
          </exception> <!-- org.openqa.selenium.NoSuchElementException -->
          <reporter-output>
          </reporter-output>
        </test-method> <!-- searchDemo -->
        <test-method status="FAIL" signature="searchDemo(java.util.Map)[pri:0, instance:com.young.appiumcombat.testcases.android.search.SearchPage_001_SearchDemo_Test@2d928643]" name="searchDemo" duration-ms="54" started-at="2017-05-04T18:17:36Z" data-provider="testData" finished-at="2017-05-04T18:17:36Z">
          <params>
            <param index="0">
              <value>
                <![CDATA[{KEYWORD=c++}]]>
              </value>
            </param>
          </params>
          <exception class="org.openqa.selenium.NoSuchElementException">
            <message>
              <![CDATA[no such element: Unable to locate element: {"method":"id","selector":"com.microsoft.bing:id/search"}
  (Session info: webview=30.0.0.0)
  (Driver info: chromedriver=2.21.371459 (36d3d07f660ff2bc1bf28a75d1cdabed0983e7c4),platform=Mac OS X 10.12.4 x86_64) (WARNING: The server did not provide any stacktrace information)
Command duration or timeout: 16 milliseconds
For documentation on this error, please visit: http://seleniumhq.org/exceptions/no_such_element.html
Build info: version: '2.53.0', revision: '35ae25b1534ae328c771e0856c93e187490ca824', time: '2016-03-15 10:43:46'
System info: host: 'liangdeMacBook-Pro.local', ip: '192.168.1.99', os.name: 'Mac OS X', os.arch: 'x86_64', os.version: '10.12.4', java.version: '1.8.0_101'
Driver info: io.appium.java_client.android.AndroidDriver
Capabilities [{app=/Users/a/Documents/study/14/appiumcombat/res/app/android/bing.apk, appPackage=com.microsoft.bing, networkConnectionEnabled=true, warnings={}, databaseEnabled=false, deviceName=emulator-5554, avd=Android-001, platform=LINUX, appActivity=com.microsoft.clients.bing.app.MainActivity, desired={app=/Users/a/Documents/study/14/appiumcombat/res/app/android/bing.apk, appPackage=com.microsoft.bing, appActivity=com.microsoft.clients.bing.app.MainActivity, platformVersion=4.4.2, automationName=Appium, sessionOverride=true, unicodeKeyboard=true, platformName=Android, deviceName=appium-test-avd, resetKeyboard=true, avd=Android-001}, platformVersion=4.4.2, webStorageEnabled=false, locationContextEnabled=false, automationName=Appium, takesScreenshot=true, javascriptEnabled=true, sessionOverride=true, unicodeKeyboard=true, platformName=Android, resetKeyboard=true}]
Session ID: 66b0225e-6d8c-4766-9b71-36119d2cd508
*** Element info: {Using=id, value=com.microsoft.bing:id/search}]]>
            </message>
            <full-stacktrace>
              <![CDATA[org.openqa.selenium.NoSuchElementException: no such element: Unable to locate element: {"method":"id","selector":"com.microsoft.bing:id/search"}
  (Session info: webview=30.0.0.0)
  (Driver info: chromedriver=2.21.371459 (36d3d07f660ff2bc1bf28a75d1cdabed0983e7c4),platform=Mac OS X 10.12.4 x86_64) (WARNING: The server did not provide any stacktrace information)
Command duration or timeout: 16 milliseconds
For documentation on this error, please visit: http://seleniumhq.org/exceptions/no_such_element.html
Build info: version: '2.53.0', revision: '35ae25b1534ae328c771e0856c93e187490ca824', time: '2016-03-15 10:43:46'
System info: host: 'liangdeMacBook-Pro.local', ip: '192.168.1.99', os.name: 'Mac OS X', os.arch: 'x86_64', os.version: '10.12.4', java.version: '1.8.0_101'
Driver info: io.appium.java_client.android.AndroidDriver
Capabilities [{app=/Users/a/Documents/study/14/appiumcombat/res/app/android/bing.apk, appPackage=com.microsoft.bing, networkConnectionEnabled=true, warnings={}, databaseEnabled=false, deviceName=emulator-5554, avd=Android-001, platform=LINUX, appActivity=com.microsoft.clients.bing.app.MainActivity, desired={app=/Users/a/Documents/study/14/appiumcombat/res/app/android/bing.apk, appPackage=com.microsoft.bing, appActivity=com.microsoft.clients.bing.app.MainActivity, platformVersion=4.4.2, automationName=Appium, sessionOverride=true, unicodeKeyboard=true, platformName=Android, deviceName=appium-test-avd, resetKeyboard=true, avd=Android-001}, platformVersion=4.4.2, webStorageEnabled=false, locationContextEnabled=false, automationName=Appium, takesScreenshot=true, javascriptEnabled=true, sessionOverride=true, unicodeKeyboard=true, platformName=Android, resetKeyboard=true}]
Session ID: 66b0225e-6d8c-4766-9b71-36119d2cd508
*** Element info: {Using=id, value=com.microsoft.bing:id/search}
	at sun.reflect.NativeConstructorAccessorImpl.newInstance0(Native Method)
	at sun.reflect.NativeConstructorAccessorImpl.newInstance(NativeConstructorAccessorImpl.java:62)
	at sun.reflect.DelegatingConstructorAccessorImpl.newInstance(DelegatingConstructorAccessorImpl.java:45)
	at java.lang.reflect.Constructor.newInstance(Constructor.java:423)
	at org.openqa.selenium.remote.ErrorHandler.createThrowable(ErrorHandler.java:206)
	at org.openqa.selenium.remote.ErrorHandler.throwIfResponseFailed(ErrorHandler.java:158)
	at org.openqa.selenium.remote.RemoteWebDriver.execute(RemoteWebDriver.java:678)
	at io.appium.java_client.DefaultGenericMobileDriver.execute(DefaultGenericMobileDriver.java:43)
	at io.appium.java_client.AppiumDriver.execute(AppiumDriver.java:1)
	at io.appium.java_client.android.AndroidDriver.execute(AndroidDriver.java:1)
	at org.openqa.selenium.remote.RemoteWebDriver.findElement(RemoteWebDriver.java:363)
	at org.openqa.selenium.remote.RemoteWebDriver.findElementById(RemoteWebDriver.java:413)
	at io.appium.java_client.DefaultGenericMobileDriver.findElementById(DefaultGenericMobileDriver.java:59)
	at io.appium.java_client.AppiumDriver.findElementById(AppiumDriver.java:1)
	at io.appium.java_client.android.AndroidDriver.findElementById(AndroidDriver.java:1)
	at org.openqa.selenium.By$ById.findElement(By.java:218)
	at org.openqa.selenium.remote.RemoteWebDriver.findElement(RemoteWebDriver.java:355)
	at io.appium.java_client.DefaultGenericMobileDriver.findElement(DefaultGenericMobileDriver.java:51)
	at io.appium.java_client.AppiumDriver.findElement(AppiumDriver.java:1)
	at io.appium.java_client.android.AndroidDriver.findElement(AndroidDriver.java:1)
	at com.young.appiumcombat.utils.AppiumUtil.findElement(AppiumUtil.java:78)
	at com.young.appiumcombat.utils.AppiumUtil.click(AppiumUtil.java:120)
	at com.young.appiumcombat.pageshelper.android.HomePageHelper.clickOnHomePage(HomePageHelper.java:24)
	at com.young.appiumcombat.testcases.android.search.SearchPage_001_SearchDemo_Test.searchDemo(SearchPage_001_SearchDemo_Test.java:24)
	at sun.reflect.NativeMethodAccessorImpl.invoke0(Native Method)
	at sun.reflect.NativeMethodAccessorImpl.invoke(NativeMethodAccessorImpl.java:62)
	at sun.reflect.DelegatingMethodAccessorImpl.invoke(DelegatingMethodAccessorImpl.java:43)
	at java.lang.reflect.Method.invoke(Method.java:498)
	at org.testng.internal.MethodInvocationHelper.invokeMethod(MethodInvocationHelper.java:86)
	at org.testng.internal.Invoker.invokeMethod(Invoker.java:643)
	at org.testng.internal.Invoker.invokeTestMethod(Invoker.java:820)
	at org.testng.internal.Invoker.invokeTestMethods(Invoker.java:1128)
	at org.testng.internal.TestMethodWorker.invokeTestMethods(TestMethodWorker.java:129)
	at org.testng.internal.TestMethodWorker.run(TestMethodWorker.java:112)
	at org.testng.TestRunner.privateRun(TestRunner.java:782)
	at org.testng.TestRunner.run(TestRunner.java:632)
	at org.testng.SuiteRunner.runTest(SuiteRunner.java:366)
	at org.testng.SuiteRunner.access$000(SuiteRunner.java:39)
	at org.testng.SuiteRunner$SuiteWorker.run(SuiteRunner.java:400)
	at org.testng.internal.thread.ThreadUtil$2.call(ThreadUtil.java:64)
	at java.util.concurrent.FutureTask.run(FutureTask.java:266)
	at java.util.concurrent.ThreadPoolExecutor.runWorker(ThreadPoolExecutor.java:1142)
	at java.util.concurrent.ThreadPoolExecutor$Worker.run(ThreadPoolExecutor.java:617)
	at java.lang.Thread.run(Thread.java:745)
]]>
            </full-stacktrace>
          </exception> <!-- org.openqa.selenium.NoSuchElementException -->
          <reporter-output>
          </reporter-output>
        </test-method> <!-- searchDemo -->
        <test-method status="FAIL" signature="searchDemo(java.util.Map)[pri:0, instance:com.young.appiumcombat.testcases.android.search.SearchPage_001_SearchDemo_Test@2d928643]" name="searchDemo" duration-ms="70" started-at="2017-05-04T18:17:56Z" data-provider="testData" finished-at="2017-05-04T18:17:56Z">
          <params>
            <param index="0">
              <value>
                <![CDATA[{KEYWORD=nodejs}]]>
              </value>
            </param>
          </params>
          <exception class="org.openqa.selenium.NoSuchElementException">
            <message>
              <![CDATA[no such element: Unable to locate element: {"method":"id","selector":"com.microsoft.bing:id/search"}
  (Session info: webview=30.0.0.0)
  (Driver info: chromedriver=2.21.371459 (36d3d07f660ff2bc1bf28a75d1cdabed0983e7c4),platform=Mac OS X 10.12.4 x86_64) (WARNING: The server did not provide any stacktrace information)
Command duration or timeout: 19 milliseconds
For documentation on this error, please visit: http://seleniumhq.org/exceptions/no_such_element.html
Build info: version: '2.53.0', revision: '35ae25b1534ae328c771e0856c93e187490ca824', time: '2016-03-15 10:43:46'
System info: host: 'liangdeMacBook-Pro.local', ip: '192.168.1.99', os.name: 'Mac OS X', os.arch: 'x86_64', os.version: '10.12.4', java.version: '1.8.0_101'
Driver info: io.appium.java_client.android.AndroidDriver
Capabilities [{app=/Users/a/Documents/study/14/appiumcombat/res/app/android/bing.apk, appPackage=com.microsoft.bing, networkConnectionEnabled=true, warnings={}, databaseEnabled=false, deviceName=emulator-5554, avd=Android-001, platform=LINUX, appActivity=com.microsoft.clients.bing.app.MainActivity, desired={app=/Users/a/Documents/study/14/appiumcombat/res/app/android/bing.apk, appPackage=com.microsoft.bing, appActivity=com.microsoft.clients.bing.app.MainActivity, platformVersion=4.4.2, automationName=Appium, sessionOverride=true, unicodeKeyboard=true, platformName=Android, deviceName=appium-test-avd, resetKeyboard=true, avd=Android-001}, platformVersion=4.4.2, webStorageEnabled=false, locationContextEnabled=false, automationName=Appium, takesScreenshot=true, javascriptEnabled=true, sessionOverride=true, unicodeKeyboard=true, platformName=Android, resetKeyboard=true}]
Session ID: 66b0225e-6d8c-4766-9b71-36119d2cd508
*** Element info: {Using=id, value=com.microsoft.bing:id/search}]]>
            </message>
            <full-stacktrace>
              <![CDATA[org.openqa.selenium.NoSuchElementException: no such element: Unable to locate element: {"method":"id","selector":"com.microsoft.bing:id/search"}
  (Session info: webview=30.0.0.0)
  (Driver info: chromedriver=2.21.371459 (36d3d07f660ff2bc1bf28a75d1cdabed0983e7c4),platform=Mac OS X 10.12.4 x86_64) (WARNING: The server did not provide any stacktrace information)
Command duration or timeout: 19 milliseconds
For documentation on this error, please visit: http://seleniumhq.org/exceptions/no_such_element.html
Build info: version: '2.53.0', revision: '35ae25b1534ae328c771e0856c93e187490ca824', time: '2016-03-15 10:43:46'
System info: host: 'liangdeMacBook-Pro.local', ip: '192.168.1.99', os.name: 'Mac OS X', os.arch: 'x86_64', os.version: '10.12.4', java.version: '1.8.0_101'
Driver info: io.appium.java_client.android.AndroidDriver
Capabilities [{app=/Users/a/Documents/study/14/appiumcombat/res/app/android/bing.apk, appPackage=com.microsoft.bing, networkConnectionEnabled=true, warnings={}, databaseEnabled=false, deviceName=emulator-5554, avd=Android-001, platform=LINUX, appActivity=com.microsoft.clients.bing.app.MainActivity, desired={app=/Users/a/Documents/study/14/appiumcombat/res/app/android/bing.apk, appPackage=com.microsoft.bing, appActivity=com.microsoft.clients.bing.app.MainActivity, platformVersion=4.4.2, automationName=Appium, sessionOverride=true, unicodeKeyboard=true, platformName=Android, deviceName=appium-test-avd, resetKeyboard=true, avd=Android-001}, platformVersion=4.4.2, webStorageEnabled=false, locationContextEnabled=false, automationName=Appium, takesScreenshot=true, javascriptEnabled=true, sessionOverride=true, unicodeKeyboard=true, platformName=Android, resetKeyboard=true}]
Session ID: 66b0225e-6d8c-4766-9b71-36119d2cd508
*** Element info: {Using=id, value=com.microsoft.bing:id/search}
	at sun.reflect.NativeConstructorAccessorImpl.newInstance0(Native Method)
	at sun.reflect.NativeConstructorAccessorImpl.newInstance(NativeConstructorAccessorImpl.java:62)
	at sun.reflect.DelegatingConstructorAccessorImpl.newInstance(DelegatingConstructorAccessorImpl.java:45)
	at java.lang.reflect.Constructor.newInstance(Constructor.java:423)
	at org.openqa.selenium.remote.ErrorHandler.createThrowable(ErrorHandler.java:206)
	at org.openqa.selenium.remote.ErrorHandler.throwIfResponseFailed(ErrorHandler.java:158)
	at org.openqa.selenium.remote.RemoteWebDriver.execute(RemoteWebDriver.java:678)
	at io.appium.java_client.DefaultGenericMobileDriver.execute(DefaultGenericMobileDriver.java:43)
	at io.appium.java_client.AppiumDriver.execute(AppiumDriver.java:1)
	at io.appium.java_client.android.AndroidDriver.execute(AndroidDriver.java:1)
	at org.openqa.selenium.remote.RemoteWebDriver.findElement(RemoteWebDriver.java:363)
	at org.openqa.selenium.remote.RemoteWebDriver.findElementById(RemoteWebDriver.java:413)
	at io.appium.java_client.DefaultGenericMobileDriver.findElementById(DefaultGenericMobileDriver.java:59)
	at io.appium.java_client.AppiumDriver.findElementById(AppiumDriver.java:1)
	at io.appium.java_client.android.AndroidDriver.findElementById(AndroidDriver.java:1)
	at org.openqa.selenium.By$ById.findElement(By.java:218)
	at org.openqa.selenium.remote.RemoteWebDriver.findElement(RemoteWebDriver.java:355)
	at io.appium.java_client.DefaultGenericMobileDriver.findElement(DefaultGenericMobileDriver.java:51)
	at io.appium.java_client.AppiumDriver.findElement(AppiumDriver.java:1)
	at io.appium.java_client.android.AndroidDriver.findElement(AndroidDriver.java:1)
	at com.young.appiumcombat.utils.AppiumUtil.findElement(AppiumUtil.java:78)
	at com.young.appiumcombat.utils.AppiumUtil.click(AppiumUtil.java:120)
	at com.young.appiumcombat.pageshelper.android.HomePageHelper.clickOnHomePage(HomePageHelper.java:24)
	at com.young.appiumcombat.testcases.android.search.SearchPage_001_SearchDemo_Test.searchDemo(SearchPage_001_SearchDemo_Test.java:24)
	at sun.reflect.NativeMethodAccessorImpl.invoke0(Native Method)
	at sun.reflect.NativeMethodAccessorImpl.invoke(NativeMethodAccessorImpl.java:62)
	at sun.reflect.DelegatingMethodAccessorImpl.invoke(DelegatingMethodAccessorImpl.java:43)
	at java.lang.reflect.Method.invoke(Method.java:498)
	at org.testng.internal.MethodInvocationHelper.invokeMethod(MethodInvocationHelper.java:86)
	at org.testng.internal.Invoker.invokeMethod(Invoker.java:643)
	at org.testng.internal.Invoker.invokeTestMethod(Invoker.java:820)
	at org.testng.internal.Invoker.invokeTestMethods(Invoker.java:1128)
	at org.testng.internal.TestMethodWorker.invokeTestMethods(TestMethodWorker.java:129)
	at org.testng.internal.TestMethodWorker.run(TestMethodWorker.java:112)
	at org.testng.TestRunner.privateRun(TestRunner.java:782)
	at org.testng.TestRunner.run(TestRunner.java:632)
	at org.testng.SuiteRunner.runTest(SuiteRunner.java:366)
	at org.testng.SuiteRunner.access$000(SuiteRunner.java:39)
	at org.testng.SuiteRunner$SuiteWorker.run(SuiteRunner.java:400)
	at org.testng.internal.thread.ThreadUtil$2.call(ThreadUtil.java:64)
	at java.util.concurrent.FutureTask.run(FutureTask.java:266)
	at java.util.concurrent.ThreadPoolExecutor.runWorker(ThreadPoolExecutor.java:1142)
	at java.util.concurrent.ThreadPoolExecutor$Worker.run(ThreadPoolExecutor.java:617)
	at java.lang.Thread.run(Thread.java:745)
]]>
            </full-stacktrace>
          </exception> <!-- org.openqa.selenium.NoSuchElementException -->
          <reporter-output>
          </reporter-output>
        </test-method> <!-- searchDemo -->
        <test-method status="PASS" signature="clenTest()[pri:0, instance:com.young.appiumcombat.testcases.android.search.SearchPage_001_SearchDemo_Test@2d928643]" name="clenTest" is-config="true" duration-ms="1786" started-at="2017-05-04T18:18:16Z" finished-at="2017-05-04T18:18:18Z">
          <reporter-output>
          </reporter-output>
        </test-method> <!-- clenTest -->
      </class> <!-- com.young.appiumcombat.testcases.android.search.SearchPage_001_SearchDemo_Test -->
    </test> <!-- 搜索 -->
    <test name="搜索记录" duration-ms="37401" started-at="2017-05-04T10:19:53Z" finished-at="2017-05-04T10:20:30Z">
      <class name="com.young.appiumcombat.testcases.android.searchhistery.SearchHisteryPage_001_SearchHistery_Test">
        <test-method status="PASS" signature="initTest(org.testng.ITestContext)[pri:0, instance:com.young.appiumcombat.testcases.android.searchhistery.SearchHisteryPage_001_SearchHistery_Test@78c03f1f]" name="initTest" is-config="true" duration-ms="6257" started-at="2017-05-04T18:19:53Z" finished-at="2017-05-04T18:19:59Z">
          <params>
            <param index="0">
              <value>
                <![CDATA[org.testng.TestRunner@4f063c0a]]>
              </value>
            </param>
          </params>
          <reporter-output>
          </reporter-output>
        </test-method> <!-- initTest -->
        <test-method status="PASS" signature="searchHistery(java.util.Map)[pri:0, instance:com.young.appiumcombat.testcases.android.searchhistery.SearchHisteryPage_001_SearchHistery_Test@78c03f1f]" name="searchHistery" duration-ms="29369" started-at="2017-05-04T18:19:59Z" data-provider="testData" finished-at="2017-05-04T18:20:29Z">
          <params>
            <param index="0">
              <value>
                <![CDATA[{KEYWORD=Java}]]>
              </value>
            </param>
          </params>
          <reporter-output>
          </reporter-output>
        </test-method> <!-- searchHistery -->
        <test-method status="PASS" signature="clenTest()[pri:0, instance:com.young.appiumcombat.testcases.android.searchhistery.SearchHisteryPage_001_SearchHistery_Test@78c03f1f]" name="clenTest" is-config="true" duration-ms="1666" started-at="2017-05-04T18:20:29Z" finished-at="2017-05-04T18:20:30Z">
          <reporter-output>
          </reporter-output>
        </test-method> <!-- clenTest -->
      </class> <!-- com.young.appiumcombat.testcases.android.searchhistery.SearchHisteryPage_001_SearchHistery_Test -->
    </test> <!-- 搜索记录 -->
  </suite> <!-- appium实战-Android篇 -->
</testng-results>
